[0.217s] Invoking command in '/home/edgar/Desktop/ldlidar_ros2_ws/build/laser_consumer': CMAKE_PREFIX_PATH=/opt/ros/iron /usr/bin/cmake --build /home/edgar/Desktop/ldlidar_ros2_ws/build/laser_consumer -- -j4 -l4
[0.306s] [35m[1mConsolidate compiler generated dependencies of target laser_consumer[0m
[0.343s] [ 50%] [32mBuilding CXX object CMakeFiles/laser_consumer.dir/src/laser_consumer.cpp.o[0m
[6.216s] [01m[K/home/edgar/Desktop/ldlidar_ros2_ws/src/laser_consumer/src/laser_consumer.cpp:[m[K In member function â€˜[01m[Kvoid LidarReader::topic_callback(sensor_msgs::msg::LaserScan_<std::allocator<void> >::SharedPtr)[m[Kâ€™:
[6.216s] [01m[K/home/edgar/Desktop/ldlidar_ros2_ws/src/laser_consumer/src/laser_consumer.cpp:65:17:[m[K [01;31m[Kerror: [m[Kredeclaration of â€˜[01m[Kcv::Mat img[m[Kâ€™
[6.217s]    65 |         cv::Mat [01;31m[Kimg[m[K = cv::Mat::zeros(500, 500, CV_8UC3);
[6.217s]       |                 [01;31m[K^~~[m[K
[6.217s] [01m[K/home/edgar/Desktop/ldlidar_ros2_ws/src/laser_consumer/src/laser_consumer.cpp:36:13:[m[K [01;36m[Knote: [m[Kâ€˜[01m[Kcv::Mat img[m[Kâ€™ previously declared here
[6.217s]    36 |     cv::Mat [01;36m[Kimg[m[K = cv::Mat::zeros(500, 500, CV_8UC1);
[6.217s]       |             [01;36m[K^~~[m[K
[9.470s] gmake[2]: *** [CMakeFiles/laser_consumer.dir/build.make:76: CMakeFiles/laser_consumer.dir/src/laser_consumer.cpp.o] Error 1
[9.476s] gmake[1]: *** [CMakeFiles/Makefile2:137: CMakeFiles/laser_consumer.dir/all] Error 2
[9.477s] gmake: *** [Makefile:146: all] Error 2
[9.482s] Invoked command in '/home/edgar/Desktop/ldlidar_ros2_ws/build/laser_consumer' returned '2': CMAKE_PREFIX_PATH=/opt/ros/iron /usr/bin/cmake --build /home/edgar/Desktop/ldlidar_ros2_ws/build/laser_consumer -- -j4 -l4
