[0.116s] Invoking command in '/home/edgar/Desktop/ldlidar_ros2_ws/build/laser_consumer': CMAKE_PREFIX_PATH=/opt/ros/iron /usr/bin/cmake --build /home/edgar/Desktop/ldlidar_ros2_ws/build/laser_consumer -- -j4 -l4
[0.165s] [35m[1mConsolidate compiler generated dependencies of target laser_consumer[0m
[0.192s] [ 50%] [32mBuilding CXX object CMakeFiles/laser_consumer.dir/src/laser_consumer.cpp.o[0m
[4.292s] [01m[K/home/edgar/Desktop/ldlidar_ros2_ws/src/laser_consumer/src/laser_consumer.cpp:[m[K In member function â€˜[01m[Kvoid LidarReader::topic_callback(sensor_msgs::msg::LaserScan_<std::allocator<void> >::SharedPtr)[m[Kâ€™:
[4.292s] [01m[K/home/edgar/Desktop/ldlidar_ros2_ws/src/laser_consumer/src/laser_consumer.cpp:66:17:[m[K [01;31m[Kerror: [m[Kconflicting declaration â€˜[01m[Kcv::Mat lines[m[Kâ€™
[4.292s]    66 |         cv::Mat [01;31m[Klines[m[K = img;
[4.292s]       |                 [01;31m[K^~~~~[m[K
[4.292s] [01m[K/home/edgar/Desktop/ldlidar_ros2_ws/src/laser_consumer/src/laser_consumer.cpp:64:32:[m[K [01;36m[Knote: [m[Kprevious declaration as â€˜[01m[Kstd::vector<cv::Vec<float, 2> > lines[m[Kâ€™
[4.293s]    64 |         std::vector<cv::Vec2f> [01;36m[Klines[m[K;
[4.293s]       |                                [01;36m[K^~~~~[m[K
[4.319s] [01m[K/home/edgar/Desktop/ldlidar_ros2_ws/src/laser_consumer/src/laser_consumer.cpp:85:26:[m[K [01;31m[Kerror: [m[Kâ€˜[01m[Klines_img[m[Kâ€™ was not declared in this scope
[4.319s]    85 |                 cv::line([01;31m[Klines_img[m[K, pt1, pt2, cv::Scalar(0, 0, 255), 1, cv::LINE_AA);
[4.319s]       |                          [01;31m[K^~~~~~~~~[m[K
[6.626s] gmake[2]: *** [CMakeFiles/laser_consumer.dir/build.make:76: CMakeFiles/laser_consumer.dir/src/laser_consumer.cpp.o] Error 1
[6.626s] gmake[1]: *** [CMakeFiles/Makefile2:137: CMakeFiles/laser_consumer.dir/all] Error 2
[6.626s] gmake: *** [Makefile:146: all] Error 2
[6.628s] Invoked command in '/home/edgar/Desktop/ldlidar_ros2_ws/build/laser_consumer' returned '2': CMAKE_PREFIX_PATH=/opt/ros/iron /usr/bin/cmake --build /home/edgar/Desktop/ldlidar_ros2_ws/build/laser_consumer -- -j4 -l4
