[0.185s] Invoking command in '/home/edgar/Desktop/ldlidar_ros2_ws/build/laser_consumer': CMAKE_PREFIX_PATH=/opt/ros/iron /usr/bin/cmake --build /home/edgar/Desktop/ldlidar_ros2_ws/build/laser_consumer -- -j4 -l4
[0.264s] [ 50%] [32mBuilding CXX object CMakeFiles/laser_consumer.dir/src/laser_consumer.cpp.o[0m
[3.282s] [01m[K/home/edgar/Desktop/ldlidar_ros2_ws/src/laser_consumer/src/laser_consumer.cpp:[m[K In constructor â€˜[01m[KLidarReader::LidarReader()[m[Kâ€™:
[3.283s] [01m[K/home/edgar/Desktop/ldlidar_ros2_ws/src/laser_consumer/src/laser_consumer.cpp:8:45:[m[K [01;31m[Kerror: [m[Kclass â€˜[01m[KLidarReader[m[Kâ€™ does not have any field named â€˜[01m[Kcount_[m[Kâ€™
[3.283s]     8 |     LidarReader() : Node("ldlidar_reader"), [01;31m[Kcount_[m[K(0)
[3.283s]       |                                             [01;31m[K^~~~~~[m[K
[3.283s] [01m[K/home/edgar/Desktop/ldlidar_ros2_ws/src/laser_consumer/src/laser_consumer.cpp:11:83:[m[K [01;31m[Kerror: [m[Kâ€˜[01m[K_1[m[Kâ€™ was not declared in this scope; did you mean â€˜[01m[Kstd::placeholders::_1[m[Kâ€™?
[3.284s]    11 |             "/your_topic_name", 10, std::bind(&LidarReader::topic_callback, this, [01;31m[K_1[m[K));
[3.284s]       |                                                                                   [01;31m[K^~[m[K
[3.284s]       |                                                                                   [32m[Kstd::placeholders::_1[m[K
[3.284s] In file included from [01m[K/usr/include/c++/11/pstl/glue_algorithm_defs.h:13[m[K,
[3.284s]                  from [01m[K/usr/include/c++/11/algorithm:74[m[K,
[3.284s]                  from [01m[K/opt/ros/iron/include/rclcpp/rclcpp/executor.hpp:18[m[K,
[3.285s]                  from [01m[K/opt/ros/iron/include/rclcpp/rclcpp/executors/multi_threaded_executor.hpp:25[m[K,
[3.285s]                  from [01m[K/opt/ros/iron/include/rclcpp/rclcpp/executors.hpp:21[m[K,
[3.285s]                  from [01m[K/opt/ros/iron/include/rclcpp/rclcpp/rclcpp.hpp:167[m[K,
[3.285s]                  from [01m[K/home/edgar/Desktop/ldlidar_ros2_ws/src/laser_consumer/src/laser_consumer.cpp:1[m[K:
[3.285s] [01m[K/usr/include/c++/11/functional:225:34:[m[K [01;36m[Knote: [m[Kâ€˜[01m[Kstd::placeholders::_1[m[Kâ€™ declared here
[3.286s]   225 |     extern const _Placeholder<1> [01;36m[K_1[m[K;
[3.286s]       |                                  [01;36m[K^~[m[K
[4.248s] gmake[2]: *** [CMakeFiles/laser_consumer.dir/build.make:76: CMakeFiles/laser_consumer.dir/src/laser_consumer.cpp.o] Error 1
[4.248s] gmake[1]: *** [CMakeFiles/Makefile2:137: CMakeFiles/laser_consumer.dir/all] Error 2
[4.248s] gmake: *** [Makefile:146: all] Error 2
[4.251s] Invoked command in '/home/edgar/Desktop/ldlidar_ros2_ws/build/laser_consumer' returned '2': CMAKE_PREFIX_PATH=/opt/ros/iron /usr/bin/cmake --build /home/edgar/Desktop/ldlidar_ros2_ws/build/laser_consumer -- -j4 -l4
